Screen shooter: changes log

Version 2.3.13:
• The offline quick help has been discontinued;
• Completed the process of version control unification

Version 2.3.11:
• Updates and fixes have been applied to the update polling mechanism, as well as to other auxiliary functions

Version 2.3.9:
• New identity has been applied

Version 2.3.8:
• Cumulative updates applied

Version 2.3.5:
• Fixed some issues with the Policy loader where it would sometimes ask for multiple confirmations;
• Implemented the access rights checker: it will test the availability of the Windows registry
  and the application placement for writing and notify user about possible problems

Version 2.3.2:
• Rewritten settings operator: it should fix problems with requiring administrator rights;
• Updated the interface of message boxes

Version 2.3:
• Fixed images overlay with screen shooting frame on Windows 10

Version 2.2.7:
• Added UTF32 encoding;
• The interface was adapted to Windows 10, incorrect window borders were fixed

Version 2.2.5:
• Cumulative updates have been applied

Version 2.2.2:
• App about form has been upgraded;
• Links list for HypeHelp has been updated;
• Fixed the updates downloader behavior in some rare conditions

Version 2.2:
• The text tips processing code has been refactored, some methods have been unified and simplified;
• Removed some redundant code

Version 2.1.7:
• Updated the HypeHelp mechanics

Version 2.1:
• The app now uses a new, secure method for setting the size and position of windows;
• Implemented support for HypeHelp mechanics

Version 2.0.2:
• XPR control has been implemented;
• Adjusted the control of single active copy

Version 2.0:
• Implemented the ability to open localized ADP, SCP and Welcome pages;
• Required framework version updated from 4.0 to 4.8

Version 1.9:
• Parsing methods for ADP and projects descriptions have been upgraded;
• Current updates and improvements applied

Version 1.8.37:
• Implemented the updates downloading directly from the “About the app” interface. This function
  requires DPModule. It allows you to download DPModule if it was not previously installed

Version 1.8.3:
• Current updates and improvements applied

Version 1.8:
• App got the scalable icon and the digital signature (only self-signed for now);
• Applied some updates for core assemblies

Version 1.7.17:
• Updated internal mechanism of checking for updates (applied compatibility with new GitHub theme)

Version 1.7.15:
• Added the registry access checker: it will show recommended actions for the executable file
  when Windows doesn’t allow saving settings;
• Applied new elements in user interface;
• AboutForm and HardWorkExecutor universal classes have been upgraded and improved;
• Update link for ADP

Version 1.7.1:
• Updated link and text presenter for ADP;
• Applied fixed icons

Version 1.7:
• New identity applied;
• New links to RD AAOW FDL added;
• Added direct lab link

Version 1.6.4:
• Added ability to “ask developer” via E-mail for help, or send wish, advice or bug report

Version 1.6.3:
• Fixed bug in Policy acception interface that disallowed to accept it in offline mode at first start

Version 1.6.2:
• Added protection against multiple launch

Version 1.6:
• Cumulative changes applied

Version 1.5.3i:
• Application info interface now able to get last release’s changes log;
• Found and fixed hidden bug that caused an error when starting the application from local network;
• Fixed bug that caused the web page request method to fail if server disconnected

Version 1.5.2p:
• Added ability to accept/decline ADP at first start to the application info interface

Version 1.5.1p:
• Updated application info interface (more convenient font is used for now);
• Added a button to access the Application development policy and EULA in the application info interface (due to ADP update);
• Added automatic check for updates to the application info interface

Version 1.5h:
• New application info interface implemented

Version 1.4.3L:
• Applied correct representation of supported languages list

Version 1.4.1:
• Application icon updated

Version 1.4u:
• Application namespace, icon and development environment have been unified;
• Localization system added; English language added for application interface;
• Some interface improvements applied

Version 1.3:
• Saving reversed (from right to left and/or from bottom to top) selection bug fixed;
• Minor code updates applied

Version 1.2:
• Added “single window shot” function (press F1 for details)

Version 1.1:
• Publication on GitHub
